2020-10-06T20:39:18.713 [main] [INFO] [c.f.w.tests.NextSequenceServiceTest] Starting NextSequenceServiceTest on notebook with PID 94207 (started by craig in /home/craig/git/ca.footeware.web-5.x.x)
2020-10-06T20:39:18.714 [main] [INFO] [c.f.w.tests.NextSequenceServiceTest] No active profile set, falling back to default profiles: default
2020-10-06T20:39:19.306 [main] [INFO] [o.s.d.r.c.RepositoryConfigurationDelegate] Bootstrapping Spring Data MongoDB repositories in DEFAULT mode.
2020-10-06T20:39:19.353 [main] [INFO] [o.s.d.r.c.RepositoryConfigurationDelegate] Finished Spring Data repository scanning in 42ms. Found 1 MongoDB repository interfaces.
2020-10-06T20:39:19.638 [main] [INFO] [ca.footeware.web.Application] Application started
2020-10-06T20:39:20.032 [Thread-171] [INFO] [o.s.b.a.mongo.embedded.EmbeddedMongo] note: noprealloc may hurt performance in many applications
2020-10-06T20:39:20.034 [Thread-171] [INFO] [o.s.b.a.mongo.embedded.EmbeddedMongo] 2020-10-06T20:39:20.034-0400 I CONTROL  [initandlisten] MongoDB starting : pid=94428 port=37973 dbpath=/tmp/embedmongo-db-e07bc750-fea8-4115-92e4-c50603fb2c7c 64-bit host=notebook
2020-10-06T20:39:20.034 [Thread-171] [INFO] [o.s.b.a.mongo.embedded.EmbeddedMongo] 2020-10-06T20:39:20.034-0400 I CONTROL  [initandlisten] db version v3.5.5
2020-10-06T20:39:20.035 [Thread-171] [INFO] [o.s.b.a.mongo.embedded.EmbeddedMongo] 2020-10-06T20:39:20.034-0400 I CONTROL  [initandlisten] git version: 98515c812b6fa893613f063dae568ff8319cbfbd
2020-10-06T20:39:20.035 [Thread-171] [INFO] [o.s.b.a.mongo.embedded.EmbeddedMongo] 2020-10-06T20:39:20.034-0400 I CONTROL  [initandlisten] allocator: tcmalloc
2020-10-06T20:39:20.035 [Thread-171] [INFO] [o.s.b.a.mongo.embedded.EmbeddedMongo] 2020-10-06T20:39:20.034-0400 I CONTROL  [initandlisten] modules: none
2020-10-06T20:39:20.035 [Thread-171] [INFO] [o.s.b.a.mongo.embedded.EmbeddedMongo] 2020-10-06T20:39:20.034-0400 I CONTROL  [initandlisten] build environment:
2020-10-06T20:39:20.035 [Thread-171] [INFO] [o.s.b.a.mongo.embedded.EmbeddedMongo] 2020-10-06T20:39:20.034-0400 I CONTROL  [initandlisten]     distarch: x86_64
2020-10-06T20:39:20.036 [Thread-171] [INFO] [o.s.b.a.mongo.embedded.EmbeddedMongo] 2020-10-06T20:39:20.034-0400 I CONTROL  [initandlisten]     target_arch: x86_64
2020-10-06T20:39:20.036 [Thread-171] [INFO] [o.s.b.a.mongo.embedded.EmbeddedMongo] 2020-10-06T20:39:20.034-0400 I CONTROL  [initandlisten] options: { net: { bindIp: "127.0.0.1", http: { enabled: false }, port: 37973 }, security: { authorization: "disabled" }, storage: { dbPath: "/tmp/embedmongo-db-e07bc750-fea8-4115-92e4-c50603fb2c7c", journal: { enabled: false }, mmapv1: { preallocDataFiles: false, smallFiles: true }, syncPeriodSecs: 0.0 } }
2020-10-06T20:39:20.037 [Thread-171] [INFO] [o.s.b.a.mongo.embedded.EmbeddedMongo] 2020-10-06T20:39:20.037-0400 I STORAGE  [initandlisten] 
2020-10-06T20:39:20.038 [Thread-171] [INFO] [o.s.b.a.mongo.embedded.EmbeddedMongo] 2020-10-06T20:39:20.037-0400 I STORAGE  [initandlisten] ** WARNING: Using the XFS filesystem is strongly recommended with the WiredTiger storage engine
2020-10-06T20:39:20.038 [Thread-171] [INFO] [o.s.b.a.mongo.embedded.EmbeddedMongo] 2020-10-06T20:39:20.037-0400 I STORAGE  [initandlisten] **          See http://dochub.mongodb.org/core/prodnotes-filesystem
2020-10-06T20:39:20.038 [Thread-171] [INFO] [o.s.b.a.mongo.embedded.EmbeddedMongo] 2020-10-06T20:39:20.037-0400 I STORAGE  [initandlisten] wiredtiger_open config: create,cache_size=7423M,session_max=20000,eviction=(threads_min=4,threads_max=4),config_base=false,statistics=(fast),log=(enabled=true,archive=true,path=journal,compressor=snappy),file_manager=(close_idle_time=100000),checkpoint=(wait=0,log_size=2GB),statistics_log=(wait=0),verbose=(recovery_progress),,log=(enabled=false),
2020-10-06T20:39:21.442 [Thread-171] [INFO] [o.s.b.a.mongo.embedded.EmbeddedMongo] 2020-10-06T20:39:21.442-0400 W STORAGE  [initandlisten] Detected configuration for non-active storage engine mmapv1 when current storage engine is wiredTiger
2020-10-06T20:39:21.443 [Thread-171] [INFO] [o.s.b.a.mongo.embedded.EmbeddedMongo] 2020-10-06T20:39:21.442-0400 I CONTROL  [initandlisten] 
2020-10-06T20:39:21.444 [Thread-171] [INFO] [o.s.b.a.mongo.embedded.EmbeddedMongo] 2020-10-06T20:39:21.442-0400 I CONTROL  [initandlisten] ** NOTE: This is a development version (3.5.5) of MongoDB.
2020-10-06T20:39:21.445 [Thread-171] [INFO] [o.s.b.a.mongo.embedded.EmbeddedMongo] 2020-10-06T20:39:21.442-0400 I CONTROL  [initandlisten] **       Not recommended for production.
2020-10-06T20:39:21.446 [Thread-171] [INFO] [o.s.b.a.mongo.embedded.EmbeddedMongo] 2020-10-06T20:39:21.442-0400 I CONTROL  [initandlisten] 
2020-10-06T20:39:21.446 [Thread-171] [INFO] [o.s.b.a.mongo.embedded.EmbeddedMongo] 2020-10-06T20:39:21.442-0400 I CONTROL  [initandlisten] 
2020-10-06T20:39:21.447 [Thread-171] [INFO] [o.s.b.a.mongo.embedded.EmbeddedMongo] 2020-10-06T20:39:21.442-0400 I CONTROL  [initandlisten] ** WARNING: soft rlimits too low. rlimits set to 63244 processes, 1048576 files. Number of processes should be at least 524288 : 0.5 times number of files.
2020-10-06T20:39:21.999 [Thread-171] [INFO] [o.s.b.a.mongo.embedded.EmbeddedMongo] 2020-10-06T20:39:21.999-0400 I FTDC     [initandlisten] Initializing full-time diagnostic data capture with directory '/tmp/embedmongo-db-e07bc750-fea8-4115-92e4-c50603fb2c7c/diagnostic.data'
2020-10-06T20:39:22.832 [Thread-171] [INFO] [o.s.b.a.mongo.embedded.EmbeddedMongo] 2020-10-06T20:39:22.832-0400 I INDEX    [initandlisten] build index on: admin.system.version properties: { v: 2, key: { version: 1 }, name: "incompatible_with_version_32", ns: "admin.system.version" }
2020-10-06T20:39:22.833 [Thread-171] [INFO] [o.s.b.a.mongo.embedded.EmbeddedMongo] 2020-10-06T20:39:22.832-0400 I INDEX    [initandlisten] 	 building index using bulk method; build may temporarily use up to 500 megabytes of RAM
2020-10-06T20:39:22.834 [Thread-171] [INFO] [o.s.b.a.mongo.embedded.EmbeddedMongo] 2020-10-06T20:39:22.834-0400 I INDEX    [initandlisten] build index done.  scanned 0 total records. 0 secs
2020-10-06T20:39:22.835 [Thread-171] [INFO] [o.s.b.a.mongo.embedded.EmbeddedMongo] 2020-10-06T20:39:22.835-0400 I COMMAND  [initandlisten] setting featureCompatibilityVersion to 3.4
2020-10-06T20:39:22.836 [Thread-171] [INFO] [o.s.b.a.mongo.embedded.EmbeddedMongo] 2020-10-06T20:39:22.836-0400 I NETWORK  [thread1] waiting for connections on port 37973
2020-10-06T20:39:22.838 [main] [INFO] [d.f.embed.mongo.MongodExecutable] start de.flapdoodle.embed.mongo.config.MongodConfigBuilder$ImmutableMongodConfig@2f10f633
2020-10-06T20:39:22.884 [main] [INFO] [org.mongodb.driver.cluster] Cluster created with settings {hosts=[localhost:37973], mode=SINGLE, requiredClusterType=UNKNOWN, serverSelectionTimeout='30000 ms'}
2020-10-06T20:39:22.909 [Thread-171] [INFO] [o.s.b.a.mongo.embedded.EmbeddedMongo] 2020-10-06T20:39:22.908-0400 I NETWORK  [thread1] connection accepted from 127.0.0.1:58646 #1 (1 connection now open)
2020-10-06T20:39:22.915 [Thread-171] [INFO] [o.s.b.a.mongo.embedded.EmbeddedMongo] 2020-10-06T20:39:22.915-0400 I NETWORK  [conn1] received client metadata from 127.0.0.1:58646 conn1: { driver: { name: "mongo-java-driver|sync|spring-boot", version: "4.0.4" }, os: { type: "Linux", name: "Linux", architecture: "amd64", version: "5.4.0-48-generic" }, platform: "Java/Private Build/14.0.1+7-Ubuntu-1ubuntu1" }
2020-10-06T20:39:22.924 [cluster-ClusterId{value='5f7d0e3a155b106e594c27d8', description='null'}-localhost:37973] [INFO] [org.mongodb.driver.connection] Opened connection [connectionId{localValue:1, serverValue:1}] to localhost:37973
2020-10-06T20:39:22.926 [cluster-ClusterId{value='5f7d0e3a155b106e594c27d8', description='null'}-localhost:37973] [INFO] [org.mongodb.driver.cluster] Monitor thread successfully connected to server with description ServerDescription{address=localhost:37973, type=STANDALONE, state=CONNECTED, ok=true, minWireVersion=0, maxWireVersion=5, maxDocumentSize=16777216, logicalSessionTimeoutMinutes=null, roundTripTimeNanos=987902}
2020-10-06T20:39:23.228 [main] [INFO] [o.s.s.web.DefaultSecurityFilterChain] Creating filter chain: Ant [pattern='/'], []
2020-10-06T20:39:23.229 [main] [INFO] [o.s.s.web.DefaultSecurityFilterChain] Creating filter chain: Ant [pattern='/gear/**'], []
2020-10-06T20:39:23.229 [main] [INFO] [o.s.s.web.DefaultSecurityFilterChain] Creating filter chain: Ant [pattern='/jokes/**'], []
2020-10-06T20:39:23.229 [main] [INFO] [o.s.s.web.DefaultSecurityFilterChain] Creating filter chain: Ant [pattern='/addjoke/**'], []
2020-10-06T20:39:23.229 [main] [INFO] [o.s.s.web.DefaultSecurityFilterChain] Creating filter chain: Ant [pattern='/editjoke/**'], []
2020-10-06T20:39:23.229 [main] [INFO] [o.s.s.web.DefaultSecurityFilterChain] Creating filter chain: Ant [pattern='/deletejoke/**'], []
2020-10-06T20:39:23.229 [main] [INFO] [o.s.s.web.DefaultSecurityFilterChain] Creating filter chain: Ant [pattern='/styles/**'], []
2020-10-06T20:39:23.229 [main] [INFO] [o.s.s.web.DefaultSecurityFilterChain] Creating filter chain: Ant [pattern='/js/**'], []
2020-10-06T20:39:23.229 [main] [INFO] [o.s.s.web.DefaultSecurityFilterChain] Creating filter chain: Ant [pattern='/images/**'], []
2020-10-06T20:39:23.229 [main] [INFO] [o.s.s.web.DefaultSecurityFilterChain] Creating filter chain: Ant [pattern='/fonts/**'], []
2020-10-06T20:39:23.308 [main] [INFO] [o.s.s.web.DefaultSecurityFilterChain] Creating filter chain: any request, [org.springframework.security.web.context.request.async.WebAsyncManagerIntegrationFilter@19cdc217, org.springframework.security.web.context.SecurityContextPersistenceFilter@7e191fda, org.springframework.security.web.header.HeaderWriterFilter@527937d0, org.springframework.security.web.csrf.CsrfFilter@27e199ce, org.springframework.security.web.authentication.logout.LogoutFilter@1eb85a47, org.springframework.security.web.authentication.UsernamePasswordAuthenticationFilter@39f0c343, org.springframework.security.web.authentication.www.BasicAuthenticationFilter@482f7af0, org.springframework.security.web.savedrequest.RequestCacheAwareFilter@3869a6e5, org.springframework.security.web.servletapi.SecurityContextHolderAwareRequestFilter@53ea380b, org.springframework.security.web.authentication.AnonymousAuthenticationFilter@5f5297e3, org.springframework.security.web.session.SessionManagementFilter@24d8f87a, org.springframework.security.web.access.ExceptionTranslationFilter@336f49a1, org.springframework.security.web.access.intercept.FilterSecurityInterceptor@48f2054d]
2020-10-06T20:39:23.599 [main] [INFO] [o.s.s.c.ThreadPoolTaskExecutor] Initializing ExecutorService 'applicationTaskExecutor'
2020-10-06T20:39:23.902 [main] [INFO] [c.f.w.tests.NextSequenceServiceTest] Started NextSequenceServiceTest in 5.462 seconds (JVM running for 6.448)
2020-10-06T20:39:24.244 [Thread-171] [INFO] [o.s.b.a.mongo.embedded.EmbeddedMongo] 2020-10-06T20:39:24.244-0400 I NETWORK  [thread1] connection accepted from 127.0.0.1:58648 #2 (2 connections now open)
2020-10-06T20:39:24.245 [Thread-171] [INFO] [o.s.b.a.mongo.embedded.EmbeddedMongo] 2020-10-06T20:39:24.245-0400 I NETWORK  [conn2] received client metadata from 127.0.0.1:58648 conn2: { driver: { name: "mongo-java-driver|sync|spring-boot", version: "4.0.4" }, os: { type: "Linux", name: "Linux", architecture: "amd64", version: "5.4.0-48-generic" }, platform: "Java/Private Build/14.0.1+7-Ubuntu-1ubuntu1" }
2020-10-06T20:39:24.246 [main] [INFO] [org.mongodb.driver.connection] Opened connection [connectionId{localValue:2, serverValue:2}] to localhost:37973
2020-10-06T20:39:24.839 [Thread-171] [INFO] [o.s.b.a.mongo.embedded.EmbeddedMongo] 2020-10-06T20:39:24.838-0400 I COMMAND  [conn2] command test.customSequences command: findAndModify { findAndModify: "customSequences", query: { _id: "customSequences" }, fields: {}, new: true, upsert: true, update: { $inc: { seq: 1 } } } planSummary: IDHACK update: { $inc: { seq: 1 } } keysExamined:0 docsExamined:0 nMatched:0 nModified:0 upsert:1 keysInserted:1 numYields:0 reslen:160 locks:{ Global: { acquireCount: { r: 1, w: 1 } }, Database: { acquireCount: { w: 1, W: 2 } }, Collection: { acquireCount: { w: 2 } } } protocol:op_query 588ms
2020-10-06T20:39:24.907 [main] [INFO] [o.s.b.t.c.SpringBootTestContextBootstrapper] Neither @ContextConfiguration nor @ContextHierarchy found for test class [ca.footeware.web.tests.JokeServiceTests], using SpringBootContextLoader
2020-10-06T20:39:24.908 [main] [INFO] [o.s.t.c.s.AbstractContextLoader] Could not detect default resource locations for test class [ca.footeware.web.tests.JokeServiceTests]: no resource found for suffixes {-context.xml, Context.groovy}.
2020-10-06T20:39:24.908 [main] [INFO] [o.s.t.c.s.AnnotationConfigContextLoaderUtils] Could not detect default configuration classes for test class [ca.footeware.web.tests.JokeServiceTests]: JokeServiceTests does not declare any static, non-private, non-final, nested classes annotated with @Configuration.
2020-10-06T20:39:24.910 [main] [INFO] [o.s.b.t.c.SpringBootTestContextBootstrapper] Found @SpringBootConfiguration ca.footeware.web.Application for test class ca.footeware.web.tests.JokeServiceTests
2020-10-06T20:39:24.911 [main] [INFO] [o.s.b.t.c.SpringBootTestContextBootstrapper] Loaded default TestExecutionListener class names from location [META-INF/spring.factories]: [org.springframework.boot.test.mock.mockito.MockitoTestExecutionListener, org.springframework.boot.test.mock.mockito.ResetMocksTestExecutionListener, org.springframework.boot.test.autoconfigure.restdocs.RestDocsTestExecutionListener, org.springframework.boot.test.autoconfigure.web.client.MockRestServiceServerResetTestExecutionListener, org.springframework.boot.test.autoconfigure.web.servlet.MockMvcPrintOnlyOnFailureTestExecutionListener, org.springframework.boot.test.autoconfigure.web.servlet.WebDriverTestExecutionListener, org.springframework.boot.test.autoconfigure.webservices.client.MockWebServiceServerTestExecutionListener, org.springframework.test.context.web.ServletTestExecutionListener, org.springframework.test.context.support.DirtiesContextBeforeModesTestExecutionListener, org.springframework.test.context.support.DependencyInjectionTestExecutionListener, org.springframework.test.context.support.DirtiesContextTestExecutionListener, org.springframework.test.context.transaction.TransactionalTestExecutionListener, org.springframework.test.context.jdbc.SqlScriptsTestExecutionListener, org.springframework.test.context.event.EventPublishingTestExecutionListener]
2020-10-06T20:39:24.912 [main] [INFO] [o.s.b.t.c.SpringBootTestContextBootstrapper] Using TestExecutionListeners: [org.springframework.test.context.web.ServletTestExecutionListener@24d7657b, org.springframework.test.context.support.DirtiesContextBeforeModesTestExecutionListener@6f428e6e, org.springframework.boot.test.mock.mockito.MockitoTestExecutionListener@72e49f6a, org.springframework.boot.test.autoconfigure.SpringBootDependencyInjectionTestExecutionListener@2e4b5da1, org.springframework.test.context.support.DirtiesContextTestExecutionListener@312819ae, org.springframework.test.context.transaction.TransactionalTestExecutionListener@4ae2c01b, org.springframework.test.context.jdbc.SqlScriptsTestExecutionListener@1cab19e2, org.springframework.test.context.event.EventPublishingTestExecutionListener@6879e983, org.springframework.boot.test.mock.mockito.ResetMocksTestExecutionListener@196d684b, org.springframework.boot.test.autoconfigure.restdocs.RestDocsTestExecutionListener@45d38165, org.springframework.boot.test.autoconfigure.web.client.MockRestServiceServerResetTestExecutionListener@1f3f434, org.springframework.boot.test.autoconfigure.web.servlet.MockMvcPrintOnlyOnFailureTestExecutionListener@26612078, org.springframework.boot.test.autoconfigure.web.servlet.WebDriverTestExecutionListener@54bc3bcf, org.springframework.boot.test.autoconfigure.webservices.client.MockWebServiceServerTestExecutionListener@d3d5094]
2020-10-06T20:39:25.064 [main] [INFO] [c.f.w.tests.it.JokeControllerITTests] Starting JokeControllerITTests on notebook with PID 94207 (started by craig in /home/craig/git/ca.footeware.web-5.x.x)
2020-10-06T20:39:25.065 [main] [INFO] [c.f.w.tests.it.JokeControllerITTests] No active profile set, falling back to default profiles: default
2020-10-06T20:39:25.243 [main] [INFO] [o.s.d.r.c.RepositoryConfigurationDelegate] Bootstrapping Spring Data MongoDB repositories in DEFAULT mode.
2020-10-06T20:39:25.251 [main] [INFO] [o.s.d.r.c.RepositoryConfigurationDelegate] Finished Spring Data repository scanning in 7ms. Found 1 MongoDB repository interfaces.
2020-10-06T20:39:25.462 [main] [INFO] [o.s.b.w.e.tomcat.TomcatWebServer] Tomcat initialized with port(s): 0 (http)
2020-10-06T20:39:25.469 [main] [INFO] [o.a.coyote.http11.Http11NioProtocol] Initializing ProtocolHandler ["http-nio-auto-1"]
2020-10-06T20:39:25.470 [main] [INFO] [o.a.catalina.core.StandardService] Starting service [Tomcat]
2020-10-06T20:39:25.470 [main] [INFO] [o.a.catalina.core.StandardEngine] Starting Servlet engine: [Apache Tomcat/9.0.36]
2020-10-06T20:39:25.539 [main] [INFO] [o.a.c.c.C.[Tomcat].[localhost].[/]] Initializing Spring embedded WebApplicationContext
2020-10-06T20:39:25.540 [main] [INFO] [o.s.b.w.s.c.ServletWebServerApplicationContext] Root WebApplicationContext: initialization completed in 473 ms
2020-10-06T20:39:25.620 [main] [INFO] [ca.footeware.web.Application] Application started
2020-10-06T20:39:25.876 [Thread-343] [INFO] [o.s.b.a.mongo.embedded.EmbeddedMongo] note: noprealloc may hurt performance in many applications
2020-10-06T20:39:25.880 [Thread-343] [INFO] [o.s.b.a.mongo.embedded.EmbeddedMongo] 2020-10-06T20:39:25.880-0400 I CONTROL  [initandlisten] MongoDB starting : pid=94642 port=36375 dbpath=/tmp/embedmongo-db-07bc2cbd-9d7a-416d-a8a3-617680bfb142 64-bit host=notebook
2020-10-06T20:39:25.880 [Thread-343] [INFO] [o.s.b.a.mongo.embedded.EmbeddedMongo] 2020-10-06T20:39:25.880-0400 I CONTROL  [initandlisten] db version v3.5.5
2020-10-06T20:39:25.880 [Thread-343] [INFO] [o.s.b.a.mongo.embedded.EmbeddedMongo] 2020-10-06T20:39:25.880-0400 I CONTROL  [initandlisten] git version: 98515c812b6fa893613f063dae568ff8319cbfbd
2020-10-06T20:39:25.881 [Thread-343] [INFO] [o.s.b.a.mongo.embedded.EmbeddedMongo] 2020-10-06T20:39:25.880-0400 I CONTROL  [initandlisten] allocator: tcmalloc
2020-10-06T20:39:25.881 [Thread-343] [INFO] [o.s.b.a.mongo.embedded.EmbeddedMongo] 2020-10-06T20:39:25.880-0400 I CONTROL  [initandlisten] modules: none
2020-10-06T20:39:25.881 [Thread-343] [INFO] [o.s.b.a.mongo.embedded.EmbeddedMongo] 2020-10-06T20:39:25.880-0400 I CONTROL  [initandlisten] build environment:
2020-10-06T20:39:25.881 [Thread-343] [INFO] [o.s.b.a.mongo.embedded.EmbeddedMongo] 2020-10-06T20:39:25.880-0400 I CONTROL  [initandlisten]     distarch: x86_64
2020-10-06T20:39:25.881 [Thread-343] [INFO] [o.s.b.a.mongo.embedded.EmbeddedMongo] 2020-10-06T20:39:25.880-0400 I CONTROL  [initandlisten]     target_arch: x86_64
2020-10-06T20:39:25.881 [Thread-343] [INFO] [o.s.b.a.mongo.embedded.EmbeddedMongo] 2020-10-06T20:39:25.880-0400 I CONTROL  [initandlisten] options: { net: { bindIp: "127.0.0.1", http: { enabled: false }, port: 36375 }, security: { authorization: "disabled" }, storage: { dbPath: "/tmp/embedmongo-db-07bc2cbd-9d7a-416d-a8a3-617680bfb142", journal: { enabled: false }, mmapv1: { preallocDataFiles: false, smallFiles: true }, syncPeriodSecs: 0.0 } }
2020-10-06T20:39:25.885 [Thread-343] [INFO] [o.s.b.a.mongo.embedded.EmbeddedMongo] 2020-10-06T20:39:25.885-0400 I STORAGE  [initandlisten] 
2020-10-06T20:39:25.885 [Thread-343] [INFO] [o.s.b.a.mongo.embedded.EmbeddedMongo] 2020-10-06T20:39:25.885-0400 I STORAGE  [initandlisten] ** WARNING: Using the XFS filesystem is strongly recommended with the WiredTiger storage engine
2020-10-06T20:39:25.885 [Thread-343] [INFO] [o.s.b.a.mongo.embedded.EmbeddedMongo] 2020-10-06T20:39:25.885-0400 I STORAGE  [initandlisten] **          See http://dochub.mongodb.org/core/prodnotes-filesystem
2020-10-06T20:39:25.885 [Thread-343] [INFO] [o.s.b.a.mongo.embedded.EmbeddedMongo] 2020-10-06T20:39:25.885-0400 I STORAGE  [initandlisten] wiredtiger_open config: create,cache_size=7423M,session_max=20000,eviction=(threads_min=4,threads_max=4),config_base=false,statistics=(fast),log=(enabled=true,archive=true,path=journal,compressor=snappy),file_manager=(close_idle_time=100000),checkpoint=(wait=0,log_size=2GB),statistics_log=(wait=0),verbose=(recovery_progress),,log=(enabled=false),
2020-10-06T20:39:27.209 [Thread-343] [INFO] [o.s.b.a.mongo.embedded.EmbeddedMongo] 2020-10-06T20:39:27.209-0400 W STORAGE  [initandlisten] Detected configuration for non-active storage engine mmapv1 when current storage engine is wiredTiger
2020-10-06T20:39:27.210 [Thread-343] [INFO] [o.s.b.a.mongo.embedded.EmbeddedMongo] 2020-10-06T20:39:27.209-0400 I CONTROL  [initandlisten] 
2020-10-06T20:39:27.210 [Thread-343] [INFO] [o.s.b.a.mongo.embedded.EmbeddedMongo] 2020-10-06T20:39:27.209-0400 I CONTROL  [initandlisten] ** NOTE: This is a development version (3.5.5) of MongoDB.
2020-10-06T20:39:27.210 [Thread-343] [INFO] [o.s.b.a.mongo.embedded.EmbeddedMongo] 2020-10-06T20:39:27.209-0400 I CONTROL  [initandlisten] **       Not recommended for production.
2020-10-06T20:39:27.210 [Thread-343] [INFO] [o.s.b.a.mongo.embedded.EmbeddedMongo] 2020-10-06T20:39:27.209-0400 I CONTROL  [initandlisten] 
2020-10-06T20:39:27.211 [Thread-343] [INFO] [o.s.b.a.mongo.embedded.EmbeddedMongo] 2020-10-06T20:39:27.209-0400 I CONTROL  [initandlisten] 
2020-10-06T20:39:27.211 [Thread-343] [INFO] [o.s.b.a.mongo.embedded.EmbeddedMongo] 2020-10-06T20:39:27.209-0400 I CONTROL  [initandlisten] ** WARNING: soft rlimits too low. rlimits set to 63244 processes, 1048576 files. Number of processes should be at least 524288 : 0.5 times number of files.
2020-10-06T20:39:27.760 [Thread-343] [INFO] [o.s.b.a.mongo.embedded.EmbeddedMongo] 2020-10-06T20:39:27.760-0400 I FTDC     [initandlisten] Initializing full-time diagnostic data capture with directory '/tmp/embedmongo-db-07bc2cbd-9d7a-416d-a8a3-617680bfb142/diagnostic.data'
2020-10-06T20:39:28.280 [Thread-343] [INFO] [o.s.b.a.mongo.embedded.EmbeddedMongo] 2020-10-06T20:39:28.280-0400 I INDEX    [initandlisten] build index on: admin.system.version properties: { v: 2, key: { version: 1 }, name: "incompatible_with_version_32", ns: "admin.system.version" }
2020-10-06T20:39:28.281 [Thread-343] [INFO] [o.s.b.a.mongo.embedded.EmbeddedMongo] 2020-10-06T20:39:28.280-0400 I INDEX    [initandlisten] 	 building index using bulk method; build may temporarily use up to 500 megabytes of RAM
2020-10-06T20:39:28.283 [Thread-343] [INFO] [o.s.b.a.mongo.embedded.EmbeddedMongo] 2020-10-06T20:39:28.282-0400 I INDEX    [initandlisten] build index done.  scanned 0 total records. 0 secs
2020-10-06T20:39:28.283 [Thread-343] [INFO] [o.s.b.a.mongo.embedded.EmbeddedMongo] 2020-10-06T20:39:28.283-0400 I COMMAND  [initandlisten] setting featureCompatibilityVersion to 3.4
2020-10-06T20:39:28.284 [Thread-343] [INFO] [o.s.b.a.mongo.embedded.EmbeddedMongo] 2020-10-06T20:39:28.284-0400 I NETWORK  [thread1] waiting for connections on port 36375
2020-10-06T20:39:28.285 [main] [INFO] [d.f.embed.mongo.MongodExecutable] start de.flapdoodle.embed.mongo.config.MongodConfigBuilder$ImmutableMongodConfig@5c7e55a4
2020-10-06T20:39:28.292 [main] [INFO] [org.mongodb.driver.cluster] Cluster created with settings {hosts=[localhost:36375], mode=SINGLE, requiredClusterType=UNKNOWN, serverSelectionTimeout='30000 ms'}
2020-10-06T20:39:28.296 [Thread-343] [INFO] [o.s.b.a.mongo.embedded.EmbeddedMongo] 2020-10-06T20:39:28.296-0400 I NETWORK  [thread1] connection accepted from 127.0.0.1:55922 #1 (1 connection now open)
2020-10-06T20:39:28.298 [Thread-343] [INFO] [o.s.b.a.mongo.embedded.EmbeddedMongo] 2020-10-06T20:39:28.298-0400 I NETWORK  [conn1] received client metadata from 127.0.0.1:55922 conn1: { driver: { name: "mongo-java-driver|sync|spring-boot", version: "4.0.4" }, os: { type: "Linux", name: "Linux", architecture: "amd64", version: "5.4.0-48-generic" }, platform: "Java/Private Build/14.0.1+7-Ubuntu-1ubuntu1" }
2020-10-06T20:39:28.301 [cluster-ClusterId{value='5f7d0e40155b106e594c27d9', description='null'}-localhost:36375] [INFO] [org.mongodb.driver.connection] Opened connection [connectionId{localValue:3, serverValue:1}] to localhost:36375
2020-10-06T20:39:28.304 [cluster-ClusterId{value='5f7d0e40155b106e594c27d9', description='null'}-localhost:36375] [INFO] [org.mongodb.driver.cluster] Monitor thread successfully connected to server with description ServerDescription{address=localhost:36375, type=STANDALONE, state=CONNECTED, ok=true, minWireVersion=0, maxWireVersion=5, maxDocumentSize=16777216, logicalSessionTimeoutMinutes=null, roundTripTimeNanos=1742598}
2020-10-06T20:39:28.351 [main] [INFO] [o.s.s.web.DefaultSecurityFilterChain] Creating filter chain: Ant [pattern='/'], []
2020-10-06T20:39:28.352 [main] [INFO] [o.s.s.web.DefaultSecurityFilterChain] Creating filter chain: Ant [pattern='/gear/**'], []
2020-10-06T20:39:28.352 [main] [INFO] [o.s.s.web.DefaultSecurityFilterChain] Creating filter chain: Ant [pattern='/jokes/**'], []
2020-10-06T20:39:28.352 [main] [INFO] [o.s.s.web.DefaultSecurityFilterChain] Creating filter chain: Ant [pattern='/addjoke/**'], []
2020-10-06T20:39:28.352 [main] [INFO] [o.s.s.web.DefaultSecurityFilterChain] Creating filter chain: Ant [pattern='/editjoke/**'], []
2020-10-06T20:39:28.352 [main] [INFO] [o.s.s.web.DefaultSecurityFilterChain] Creating filter chain: Ant [pattern='/deletejoke/**'], []
2020-10-06T20:39:28.352 [main] [INFO] [o.s.s.web.DefaultSecurityFilterChain] Creating filter chain: Ant [pattern='/styles/**'], []
2020-10-06T20:39:28.352 [main] [INFO] [o.s.s.web.DefaultSecurityFilterChain] Creating filter chain: Ant [pattern='/js/**'], []
2020-10-06T20:39:28.352 [main] [INFO] [o.s.s.web.DefaultSecurityFilterChain] Creating filter chain: Ant [pattern='/images/**'], []
2020-10-06T20:39:28.352 [main] [INFO] [o.s.s.web.DefaultSecurityFilterChain] Creating filter chain: Ant [pattern='/fonts/**'], []
2020-10-06T20:39:28.396 [main] [INFO] [o.s.s.web.DefaultSecurityFilterChain] Creating filter chain: any request, [org.springframework.security.web.context.request.async.WebAsyncManagerIntegrationFilter@7146c6ea, org.springframework.security.web.context.SecurityContextPersistenceFilter@18df26a1, org.springframework.security.web.header.HeaderWriterFilter@39109603, org.springframework.security.web.csrf.CsrfFilter@6296e4bf, org.springframework.security.web.authentication.logout.LogoutFilter@1ee6434, org.springframework.security.web.authentication.UsernamePasswordAuthenticationFilter@480994d3, org.springframework.security.web.authentication.www.BasicAuthenticationFilter@71d78cac, org.springframework.security.web.savedrequest.RequestCacheAwareFilter@5c459194, org.springframework.security.web.servletapi.SecurityContextHolderAwareRequestFilter@61d8a491, org.springframework.security.web.authentication.AnonymousAuthenticationFilter@a5d23c9, org.springframework.security.web.session.SessionManagementFilter@4d3990a5, org.springframework.security.web.access.ExceptionTranslationFilter@220cda54, org.springframework.security.web.access.intercept.FilterSecurityInterceptor@29e3c28]
2020-10-06T20:39:28.465 [main] [INFO] [o.s.s.c.ThreadPoolTaskExecutor] Initializing ExecutorService 'applicationTaskExecutor'
2020-10-06T20:39:28.611 [main] [INFO] [o.a.coyote.http11.Http11NioProtocol] Starting ProtocolHandler ["http-nio-auto-1"]
2020-10-06T20:39:28.633 [main] [INFO] [o.s.b.w.e.tomcat.TomcatWebServer] Tomcat started on port(s): 45053 (http) with context path ''
2020-10-06T20:39:28.636 [main] [INFO] [c.f.w.tests.it.JokeControllerITTests] Started JokeControllerITTests in 3.595 seconds (JVM running for 11.182)
2020-10-06T20:39:28.708 [http-nio-auto-1-exec-1] [INFO] [o.a.c.c.C.[Tomcat].[localhost].[/]] Initializing Spring DispatcherServlet 'dispatcherServlet'
2020-10-06T20:39:28.709 [http-nio-auto-1-exec-1] [INFO] [o.s.web.servlet.DispatcherServlet] Initializing Servlet 'dispatcherServlet'
2020-10-06T20:39:28.723 [http-nio-auto-1-exec-1] [INFO] [o.s.web.servlet.DispatcherServlet] Completed initialization in 14 ms
2020-10-06T20:39:28.756 [Thread-343] [INFO] [o.s.b.a.mongo.embedded.EmbeddedMongo] 2020-10-06T20:39:28.756-0400 I NETWORK  [thread1] connection accepted from 127.0.0.1:55926 #2 (2 connections now open)
2020-10-06T20:39:28.756 [Thread-343] [INFO] [o.s.b.a.mongo.embedded.EmbeddedMongo] 2020-10-06T20:39:28.756-0400 I NETWORK  [conn2] received client metadata from 127.0.0.1:55926 conn2: { driver: { name: "mongo-java-driver|sync|spring-boot", version: "4.0.4" }, os: { type: "Linux", name: "Linux", architecture: "amd64", version: "5.4.0-48-generic" }, platform: "Java/Private Build/14.0.1+7-Ubuntu-1ubuntu1" }
2020-10-06T20:39:28.757 [http-nio-auto-1-exec-1] [INFO] [org.mongodb.driver.connection] Opened connection [connectionId{localValue:4, serverValue:2}] to localhost:36375
2020-10-06T20:39:30.662 [SpringContextShutdownHook] [INFO] [o.s.s.c.ThreadPoolTaskExecutor] Shutting down ExecutorService 'applicationTaskExecutor'
2020-10-06T20:39:30.665 [SpringContextShutdownHook] [INFO] [org.mongodb.driver.connection] Closed connection [connectionId{localValue:2, serverValue:2}] to localhost:37973 because the pool has been closed.
2020-10-06T20:39:30.665 [Thread-171] [INFO] [o.s.b.a.mongo.embedded.EmbeddedMongo] 2020-10-06T20:39:30.665-0400 I -        [conn2] end connection 127.0.0.1:58648 (2 connections now open)
2020-10-06T20:39:30.665 [Thread-171] [INFO] [o.s.b.a.mongo.embedded.EmbeddedMongo] 2020-10-06T20:39:30.665-0400 I -        [conn1] end connection 127.0.0.1:58646 (1 connection now open)
2020-10-06T20:39:30.666 [Thread-171] [INFO] [o.s.b.a.mongo.embedded.EmbeddedMongo] 2020-10-06T20:39:30.666-0400 I NETWORK  [thread1] connection accepted from 127.0.0.1:58662 #3 (1 connection now open)
2020-10-06T20:39:30.666 [Thread-171] [INFO] [o.s.b.a.mongo.embedded.EmbeddedMongo] 2020-10-06T20:39:30.666-0400 I COMMAND  [conn3] terminating, shutdown command received
2020-10-06T20:39:30.666 [Thread-171] [INFO] [o.s.b.a.mongo.embedded.EmbeddedMongo] 2020-10-06T20:39:30.666-0400 I NETWORK  [conn3] shutdown: going to close listening sockets...
2020-10-06T20:39:30.666 [Thread-171] [INFO] [o.s.b.a.mongo.embedded.EmbeddedMongo] 2020-10-06T20:39:30.666-0400 I NETWORK  [conn3] closing listening socket: 7
2020-10-06T20:39:30.667 [Thread-171] [INFO] [o.s.b.a.mongo.embedded.EmbeddedMongo] 2020-10-06T20:39:30.666-0400 I NETWORK  [conn3] closing listening socket: 8
2020-10-06T20:39:30.667 [Thread-171] [INFO] [o.s.b.a.mongo.embedded.EmbeddedMongo] 2020-10-06T20:39:30.666-0400 I NETWORK  [conn3] removing socket file: /tmp/mongodb-37973.sock
2020-10-06T20:39:30.667 [Thread-171] [INFO] [o.s.b.a.mongo.embedded.EmbeddedMongo] 2020-10-06T20:39:30.666-0400 I NETWORK  [conn3] shutdown: going to flush diaglog...
2020-10-06T20:39:30.667 [Thread-171] [INFO] [o.s.b.a.mongo.embedded.EmbeddedMongo] 2020-10-06T20:39:30.666-0400 I FTDC     [conn3] Shutting down full-time diagnostic data capture
2020-10-06T20:39:30.667 [Thread-171] [INFO] [o.s.b.a.mongo.embedded.EmbeddedMongo] 2020-10-06T20:39:30.667-0400 I STORAGE  [conn3] WiredTigerKVEngine shutting down
2020-10-06T20:39:30.675 [SpringContextShutdownHook] [INFO] [o.s.s.c.ThreadPoolTaskExecutor] Shutting down ExecutorService 'applicationTaskExecutor'
2020-10-06T20:39:30.676 [SpringContextShutdownHook] [INFO] [org.mongodb.driver.connection] Closed connection [connectionId{localValue:4, serverValue:2}] to localhost:36375 because the pool has been closed.
2020-10-06T20:39:30.676 [Thread-343] [INFO] [o.s.b.a.mongo.embedded.EmbeddedMongo] 2020-10-06T20:39:30.676-0400 I -        [conn2] end connection 127.0.0.1:55926 (2 connections now open)
2020-10-06T20:39:30.676 [Thread-343] [INFO] [o.s.b.a.mongo.embedded.EmbeddedMongo] 2020-10-06T20:39:30.676-0400 I -        [conn1] end connection 127.0.0.1:55922 (1 connection now open)
2020-10-06T20:39:30.676 [Thread-343] [INFO] [o.s.b.a.mongo.embedded.EmbeddedMongo] 2020-10-06T20:39:30.676-0400 I NETWORK  [thread1] connection accepted from 127.0.0.1:55936 #3 (1 connection now open)
2020-10-06T20:39:30.678 [Thread-343] [INFO] [o.s.b.a.mongo.embedded.EmbeddedMongo] 2020-10-06T20:39:30.678-0400 I COMMAND  [conn3] terminating, shutdown command received
2020-10-06T20:39:30.678 [Thread-343] [INFO] [o.s.b.a.mongo.embedded.EmbeddedMongo] 2020-10-06T20:39:30.678-0400 I NETWORK  [conn3] shutdown: going to close listening sockets...
2020-10-06T20:39:30.678 [Thread-343] [INFO] [o.s.b.a.mongo.embedded.EmbeddedMongo] 2020-10-06T20:39:30.678-0400 I NETWORK  [conn3] closing listening socket: 7
2020-10-06T20:39:30.678 [Thread-343] [INFO] [o.s.b.a.mongo.embedded.EmbeddedMongo] 2020-10-06T20:39:30.678-0400 I NETWORK  [conn3] closing listening socket: 8
2020-10-06T20:39:30.678 [Thread-343] [INFO] [o.s.b.a.mongo.embedded.EmbeddedMongo] 2020-10-06T20:39:30.678-0400 I NETWORK  [conn3] removing socket file: /tmp/mongodb-36375.sock
2020-10-06T20:39:30.678 [Thread-343] [INFO] [o.s.b.a.mongo.embedded.EmbeddedMongo] 2020-10-06T20:39:30.678-0400 I NETWORK  [conn3] shutdown: going to flush diaglog...
2020-10-06T20:39:30.678 [Thread-343] [INFO] [o.s.b.a.mongo.embedded.EmbeddedMongo] 2020-10-06T20:39:30.678-0400 I FTDC     [conn3] Shutting down full-time diagnostic data capture
2020-10-06T20:39:30.679 [Thread-343] [INFO] [o.s.b.a.mongo.embedded.EmbeddedMongo] 2020-10-06T20:39:30.679-0400 I STORAGE  [conn3] WiredTigerKVEngine shutting down
2020-10-06T20:39:31.280 [Thread-343] [INFO] [o.s.b.a.mongo.embedded.EmbeddedMongo] 2020-10-06T20:39:31.280-0400 I STORAGE  [conn3] shutdown: removing fs lock...
2020-10-06T20:39:31.281 [Thread-343] [INFO] [o.s.b.a.mongo.embedded.EmbeddedMongo] 2020-10-06T20:39:31.280-0400 I CONTROL  [conn3] now exiting
2020-10-06T20:39:31.282 [Thread-343] [INFO] [o.s.b.a.mongo.embedded.EmbeddedMongo] 2020-10-06T20:39:31.280-0400 I CONTROL  [conn3] shutting down with code:0
2020-10-06T20:39:31.402 [SpringContextShutdownHook] [INFO] [ca.footeware.web.Application] Application stopped.
2020-10-06T20:39:31.446 [Thread-171] [INFO] [o.s.b.a.mongo.embedded.EmbeddedMongo] 2020-10-06T20:39:31.446-0400 I STORAGE  [conn3] shutdown: removing fs lock...
2020-10-06T20:39:31.447 [Thread-171] [INFO] [o.s.b.a.mongo.embedded.EmbeddedMongo] 2020-10-06T20:39:31.446-0400 I CONTROL  [conn3] now exiting
2020-10-06T20:39:31.447 [Thread-171] [INFO] [o.s.b.a.mongo.embedded.EmbeddedMongo] 2020-10-06T20:39:31.446-0400 I CONTROL  [conn3] shutting down with code:0
2020-10-06T20:39:31.584 [SpringContextShutdownHook] [INFO] [ca.footeware.web.Application] Application stopped.
